[handleMsg]:  {
  key: {
    remoteJid: '5213318107706@s.whatsapp.net',
    fromMe: false,
    id: 'AE5243DBB62E1C1F35',
    participant: undefined
  },
  messageTimestamp: 1709737681,
  pushName: 'Javi Enriquez',
  broadcast: false,
  message: Message {
    extendedTextMessage: ExtendedTextMessage { text: '1', contextInfo: [ContextInfo] },
    messageContextInfo: MessageContextInfo {
      deviceListMetadata: [DeviceListMetadata],
      deviceListMetadataVersion: 2
    }
  },
  verifiedBizName: 'Javi Enriquez',
  body: '1',
  from: '5213318107706'
}
[QUEUE_SE_ENVIO]:  {
  ref: 'ans_f5274b4b-31e2-432d-be45-a81300c2118e',
  keyword: 'key_f1517957-d0d9-4eff-a78d-e4964279c392',
  answer: 'Bienvenido a _*Shades de México*_',
  options: {
    media: 'https://drive.google.com/uc?id=1_E86UHQ8ueIaP1OAg3gHBrsNHC3ZpkKr',
    buttons: [],
    capture: false,
    child: null,
    delay: 0,
    idle: null,
    ref: null,
    nested: [],
    keyword: {},
    callback: false
  },
  refSerialize: 'ff565a75d245212e0bc289ba24ba8085'
}
[QUEUE_SE_ENVIO]:  {
  ref: 'ans_29560e84-0520-44f4-9fed-7455cdca7075',
  keyword: 'ans_f5274b4b-31e2-432d-be45-a81300c2118e',
  answer: 'Conocé nuestras vacantes Activas y desarrolla tus habilidades con nosotros \n' +
    '\n' +
    '*_Selecciona el numero de la opción deseada:_*\n' +
    '\n' +
    '1️⃣  Vacantes Activas',
  options: {
    media: null,
    buttons: [],
    capture: false,
    child: null,
    delay: 0,
    idle: null,
    ref: null,
    nested: [
      [Object], [Object],
      [Object], [Object],
      [Object], [Object],
      [Object], [Object],
      [Object], [Object],
      [Object], [Object],
      [Object], [Object],
      [Object]
    ],
    keyword: {},
    callback: false
  },
  refSerialize: 'c07e59c10c55b1039fda9df2ce33172f'
}
[handleMsg]:  {
  key: {
    remoteJid: '5213318107706@s.whatsapp.net',
    fromMe: false,
    id: 'AF71A2D5B6D2110D34',
    participant: undefined
  },
  messageTimestamp: 1709737685,
  pushName: 'Javi Enriquez',
  broadcast: false,
  message: Message {
    extendedTextMessage: ExtendedTextMessage { text: '1', contextInfo: [ContextInfo] },
    messageContextInfo: MessageContextInfo {
      deviceListMetadata: [DeviceListMetadata],
      deviceListMetadataVersion: 2
    }
  },
  verifiedBizName: 'Javi Enriquez',
  body: '1',
  from: '5213318107706'
}
[QUEUE_SE_ENVIO]:  {
  ref: 'ans_67b37f99-7b91-4d8b-9cc1-855006c301e3',
  keyword: 'key_03fe01f9-7428-43ef-8bc6-d988a5a23401',
  answer: '_*VACANTES ACTIVAS:*_',
  options: {
    media: null,
    buttons: [],
    capture: false,
    child: null,
    delay: 0,
    idle: null,
    ref: null,
    nested: [],
    keyword: {},
    callback: false
  },
  refSerialize: '61ee76bc12cc6da2f4a7117f0dc37a8e'
}
[QUEUE_SE_ENVIO]:  {
  ref: 'ans_61116a74-eba7-49f2-915b-e867eff7c1a9',
  keyword: 'ans_67b37f99-7b91-4d8b-9cc1-855006c301e3',
  answer: '__call_action__',
  options: {
    media: null,
    buttons: [],
    capture: false,
    child: null,
    delay: 0,
    idle: null,
    ref: null,
    nested: [],
    keyword: {},
    callback: true
  },
  refSerialize: '183bca4216b349fa9d1f2c32a8dabf55'
}
[QUEUE_SE_ENVIO]:  {
  ref: 'ans_3de047dc-6cb6-4891-ba38-9e3002d0fdb3',
  keyword: 'ans_61116a74-eba7-49f2-915b-e867eff7c1a9',
  answer: 'Selecciona el numero de la vacante de tu interes:',
  options: {
    media: null,
    buttons: [],
    capture: true,
    child: null,
    delay: 0,
    idle: null,
    ref: null,
    nested: [ [Object], [Object] ],
    keyword: {},
    callback: true
  },
  refSerialize: '6866db406faf41d2eb559b224cc36fbc'
}
[handleMsg]:  {
  key: {
    remoteJid: '5213318107706@s.whatsapp.net',
    fromMe: false,
    id: 'AA322EBEDE50DCDB51',
    participant: undefined
  },
  messageTimestamp: 1709737702,
  pushName: 'Javi Enriquez',
  broadcast: false,
  message: Message {
    extendedTextMessage: ExtendedTextMessage { text: '2', contextInfo: [ContextInfo] },
    messageContextInfo: MessageContextInfo {
      deviceListMetadata: [DeviceListMetadata],
      deviceListMetadataVersion: 2
    }
  },
  verifiedBizName: 'Javi Enriquez',
  body: '2',
  from: '5213318107706'
}
[QUEUE_SE_ENVIO]:  {
  ref: 'ans_252dcc79-902b-4a6e-9529-f83c75fdcdb3',
  keyword: 'key_b003ce7e-9e41-42bf-9036-d96de7618db2',
  answer: '__call_action__',
  options: {
    media: null,
    buttons: [],
    capture: false,
    child: null,
    delay: 0,
    idle: null,
    ref: null,
    nested: [],
    keyword: {},
    callback: true
  },
  refSerialize: '9aee4e749589df89949f90724d2368d7'
}
